<?xml version="1.0" encoding="UTF-8"?>
<coverage generated="1774917420991" clover="3.2.0">
  <project timestamp="1774917420991" name="All files">
    <metrics statements="91" coveredstatements="85" conditionals="70" coveredconditionals="63" methods="1" coveredmethods="1" elements="162" coveredelements="149" complexity="0" loc="91" ncloc="91" packages="1" files="1" classes="1"/>
    <file name="picParser.js" path="D:\cobol_shaper\backend\utils\picParser.js">
      <metrics statements="91" coveredstatements="85" conditionals="70" coveredconditionals="63" methods="1" coveredmethods="1"/>
      <line num="83" count="57" type="cond" truecount="2" falsecount="0"/>
      <line num="84" count="3" type="stmt"/>
      <line num="87" count="54" type="stmt"/>
      <line num="88" count="54" type="stmt"/>
      <line num="90" count="54" type="cond" truecount="2" falsecount="0"/>
      <line num="91" count="1" type="stmt"/>
      <line num="95" count="53" type="stmt"/>
      <line num="102" count="53" type="stmt"/>
      <line num="109" count="53" type="cond" truecount="4" falsecount="0"/>
      <line num="110" count="10" type="stmt"/>
      <line num="111" count="10" type="stmt"/>
      <line num="117" count="53" type="cond" truecount="1" falsecount="1"/>
      <line num="118" count="0" type="stmt"/>
      <line num="121" count="53" type="stmt"/>
      <line num="122" count="53" type="stmt"/>
      <line num="124" count="53" type="cond" truecount="2" falsecount="0"/>
      <line num="126" count="39" type="stmt"/>
      <line num="127" count="14" type="cond" truecount="2" falsecount="0"/>
      <line num="129" count="8" type="stmt"/>
      <line num="130" count="6" type="cond" truecount="2" falsecount="0"/>
      <line num="132" count="4" type="stmt"/>
      <line num="133" count="2" type="cond" truecount="2" falsecount="0"/>
      <line num="135" count="1" type="stmt"/>
      <line num="137" count="1" type="stmt"/>
      <line num="143" count="51" type="stmt"/>
      <line num="149" count="51" type="cond" truecount="2" falsecount="0"/>
      <line num="150" count="3" type="stmt"/>
      <line num="156" count="48" type="cond" truecount="2" falsecount="0"/>
      <line num="157" count="1" type="stmt"/>
      <line num="164" count="47" type="stmt"/>
      <line num="165" count="47" type="cond" truecount="2" falsecount="0"/>
      <line num="166" count="1" type="stmt"/>
      <line num="170" count="46" type="stmt"/>
      <line num="171" count="46" type="cond" truecount="2" falsecount="0"/>
      <line num="172" count="1" type="stmt"/>
      <line num="176" count="45" type="stmt"/>
      <line num="178" count="45" type="cond" truecount="2" falsecount="0"/>
      <line num="179" count="1" type="stmt"/>
      <line num="185" count="44" type="cond" truecount="2" falsecount="0"/>
      <line num="186" count="2" type="stmt"/>
      <line num="192" count="42" type="cond" truecount="2" falsecount="0"/>
      <line num="193" count="1" type="stmt"/>
      <line num="199" count="41" type="stmt"/>
      <line num="200" count="41" type="stmt"/>
      <line num="208" count="41" type="stmt"/>
      <line num="209" count="41" type="stmt"/>
      <line num="211" count="41" type="cond" truecount="5" falsecount="0"/>
      <line num="212" count="18" type="stmt"/>
      <line num="213" count="18" type="stmt"/>
      <line num="216" count="18" type="cond" truecount="2" falsecount="0"/>
      <line num="217" count="2" type="stmt"/>
      <line num="224" count="16" type="stmt"/>
      <line num="225" count="16" type="cond" truecount="2" falsecount="0"/>
      <line num="226" count="1" type="stmt"/>
      <line num="232" count="15" type="stmt"/>
      <line num="238" count="15" type="cond" truecount="4" falsecount="0"/>
      <line num="240" count="9" type="stmt"/>
      <line num="241" count="9" type="cond" truecount="1" falsecount="1"/>
      <line num="242" count="0" type="stmt"/>
      <line num="245" count="9" type="stmt"/>
      <line num="246" count="9" type="cond" truecount="1" falsecount="1"/>
      <line num="247" count="0" type="stmt"/>
      <line num="252" count="9" type="stmt"/>
      <line num="253" count="9" type="cond" truecount="1" falsecount="1"/>
      <line num="254" count="0" type="stmt"/>
      <line num="259" count="9" type="cond" truecount="2" falsecount="0"/>
      <line num="260" count="2" type="stmt"/>
      <line num="265" count="7" type="cond" truecount="2" falsecount="0"/>
      <line num="266" count="1" type="stmt"/>
      <line num="271" count="6" type="stmt"/>
      <line num="272" count="6" type="stmt"/>
      <line num="277" count="6" type="stmt"/>
      <line num="279" count="6" type="cond" truecount="2" falsecount="1"/>
      <line num="280" count="5" type="stmt"/>
      <line num="281" count="5" type="stmt"/>
      <line num="284" count="6" type="stmt"/>
      <line num="290" count="35" type="cond" truecount="2" falsecount="0"/>
      <line num="294" count="12" type="stmt"/>
      <line num="298" count="12" type="stmt"/>
      <line num="302" count="23" type="stmt"/>
      <line num="305" count="23" type="cond" truecount="2" falsecount="0"/>
      <line num="307" count="12" type="cond" truecount="2" falsecount="0"/>
      <line num="308" count="11" type="cond" truecount="2" falsecount="0"/>
      <line num="310" count="7" type="stmt"/>
      <line num="311" count="4" type="cond" truecount="1" falsecount="1"/>
      <line num="313" count="4" type="stmt"/>
      <line num="321" count="35" type="cond" truecount="1" falsecount="1"/>
      <line num="322" count="0" type="stmt"/>
      <line num="324" count="0" type="stmt"/>
      <line num="332" count="35" type="stmt"/>
      <line num="343" count="1" type="stmt"/>
    </file>
  </project>
</coverage>
