{"D:\\cobol_shaper\\backend\\utils\\picParser.js": {"path":"D:\\cobol_shaper\\backend\\utils\\picParser.js","statementMap":{"0":{"start":{"line":83,"column":2},"end":{"line":85,"column":3}},"1":{"start":{"line":84,"column":4},"end":{"line":84,"column":70}},"2":{"start":{"line":87,"column":19},"end":{"line":87,"column":22}},"3":{"start":{"line":88,"column":2},"end":{"line":88,"column":19}},"4":{"start":{"line":90,"column":2},"end":{"line":92,"column":3}},"5":{"start":{"line":91,"column":4},"end":{"line":91,"column":50}},"6":{"start":{"line":95,"column":17},"end":{"line":100,"column":3}},"7":{"start":{"line":102,"column":12},"end":{"line":102,"column":13}},"8":{"start":{"line":109,"column":2},"end":{"line":112,"column":3}},"9":{"start":{"line":110,"column":4},"end":{"line":110,"column":25}},"10":{"start":{"line":111,"column":4},"end":{"line":111,"column":12}},"11":{"start":{"line":117,"column":2},"end":{"line":119,"column":3}},"12":{"start":{"line":118,"column":4},"end":{"line":118,"column":102}},"13":{"start":{"line":121,"column":19},"end":{"line":121,"column":41}},"14":{"start":{"line":122,"column":20},"end":{"line":122,"column":24}},"15":{"start":{"line":124,"column":2},"end":{"line":141,"column":3}},"16":{"start":{"line":126,"column":4},"end":{"line":126,"column":28}},"17":{"start":{"line":127,"column":9},"end":{"line":141,"column":3}},"18":{"start":{"line":129,"column":4},"end":{"line":129,"column":33}},"19":{"start":{"line":130,"column":9},"end":{"line":141,"column":3}},"20":{"start":{"line":132,"column":4},"end":{"line":132,"column":31}},"21":{"start":{"line":133,"column":9},"end":{"line":141,"column":3}},"22":{"start":{"line":135,"column":4},"end":{"line":135,"column":91}},"23":{"start":{"line":137,"column":4},"end":{"line":140,"column":6}},"24":{"start":{"line":143,"column":2},"end":{"line":143,"column":8}},"25":{"start":{"line":149,"column":2},"end":{"line":154,"column":3}},"26":{"start":{"line":150,"column":4},"end":{"line":153,"column":6}},"27":{"start":{"line":156,"column":2},"end":{"line":161,"column":3}},"28":{"start":{"line":157,"column":4},"end":{"line":160,"column":6}},"29":{"start":{"line":164,"column":24},"end":{"line":164,"column":45}},"30":{"start":{"line":165,"column":2},"end":{"line":167,"column":3}},"31":{"start":{"line":166,"column":4},"end":{"line":166,"column":80}},"32":{"start":{"line":170,"column":20},"end":{"line":170,"column":57}},"33":{"start":{"line":171,"column":2},"end":{"line":173,"column":3}},"34":{"start":{"line":172,"column":4},"end":{"line":172,"column":120}},"35":{"start":{"line":176,"column":21},"end":{"line":176,"column":44}},"36":{"start":{"line":178,"column":2},"end":{"line":183,"column":3}},"37":{"start":{"line":179,"column":4},"end":{"line":182,"column":6}},"38":{"start":{"line":185,"column":2},"end":{"line":190,"column":3}},"39":{"start":{"line":186,"column":4},"end":{"line":189,"column":6}},"40":{"start":{"line":192,"column":2},"end":{"line":197,"column":3}},"41":{"start":{"line":193,"column":4},"end":{"line":196,"column":6}},"42":{"start":{"line":199,"column":2},"end":{"line":199,"column":29}},"43":{"start":{"line":200,"column":2},"end":{"line":200,"column":26}},"44":{"start":{"line":208,"column":19},"end":{"line":208,"column":24}},"45":{"start":{"line":209,"column":22},"end":{"line":209,"column":23}},"46":{"start":{"line":211,"column":2},"end":{"line":286,"column":3}},"47":{"start":{"line":212,"column":4},"end":{"line":212,"column":22}},"48":{"start":{"line":213,"column":4},"end":{"line":213,"column":10}},"49":{"start":{"line":216,"column":4},"end":{"line":221,"column":5}},"50":{"start":{"line":217,"column":6},"end":{"line":220,"column":8}},"51":{"start":{"line":224,"column":28},"end":{"line":224,"column":50}},"52":{"start":{"line":225,"column":4},"end":{"line":230,"column":5}},"53":{"start":{"line":226,"column":6},"end":{"line":229,"column":8}},"54":{"start":{"line":232,"column":4},"end":{"line":232,"column":10}},"55":{"start":{"line":238,"column":4},"end":{"line":285,"column":5}},"56":{"start":{"line":240,"column":30},"end":{"line":240,"column":51}},"57":{"start":{"line":241,"column":6},"end":{"line":243,"column":7}},"58":{"start":{"line":242,"column":8},"end":{"line":242,"column":101}},"59":{"start":{"line":245,"column":25},"end":{"line":245,"column":64}},"60":{"start":{"line":246,"column":6},"end":{"line":250,"column":7}},"61":{"start":{"line":247,"column":8},"end":{"line":249,"column":10}},"62":{"start":{"line":252,"column":6},"end":{"line":252,"column":47}},"63":{"start":{"line":253,"column":6},"end":{"line":257,"column":7}},"64":{"start":{"line":254,"column":8},"end":{"line":256,"column":10}},"65":{"start":{"line":259,"column":6},"end":{"line":263,"column":7}},"66":{"start":{"line":260,"column":8},"end":{"line":262,"column":10}},"67":{"start":{"line":265,"column":6},"end":{"line":269,"column":7}},"68":{"start":{"line":266,"column":8},"end":{"line":268,"column":10}},"69":{"start":{"line":271,"column":6},"end":{"line":271,"column":38}},"70":{"start":{"line":272,"column":6},"end":{"line":272,"column":32}},"71":{"start":{"line":277,"column":6},"end":{"line":277,"column":24}},"72":{"start":{"line":279,"column":6},"end":{"line":282,"column":7}},"73":{"start":{"line":280,"column":8},"end":{"line":280,"column":24}},"74":{"start":{"line":281,"column":8},"end":{"line":281,"column":14}},"75":{"start":{"line":284,"column":6},"end":{"line":284,"column":38}},"76":{"start":{"line":290,"column":2},"end":{"line":315,"column":3}},"77":{"start":{"line":294,"column":4},"end":{"line":294,"column":47}},"78":{"start":{"line":298,"column":4},"end":{"line":298,"column":28}},"79":{"start":{"line":302,"column":4},"end":{"line":302,"column":31}},"80":{"start":{"line":305,"column":4},"end":{"line":314,"column":5}},"81":{"start":{"line":307,"column":6},"end":{"line":307,"column":57}},"82":{"start":{"line":308,"column":11},"end":{"line":314,"column":5}},"83":{"start":{"line":310,"column":6},"end":{"line":310,"column":35}},"84":{"start":{"line":311,"column":11},"end":{"line":314,"column":5}},"85":{"start":{"line":313,"column":6},"end":{"line":313,"column":33}},"86":{"start":{"line":321,"column":2},"end":{"line":329,"column":3}},"87":{"start":{"line":322,"column":22},"end":{"line":322,"column":40}},"88":{"start":{"line":324,"column":4},"end":{"line":327,"column":6}},"89":{"start":{"line":332,"column":2},"end":{"line":332,"column":16}},"90":{"start":{"line":343,"column":0},"end":{"line":345,"column":2}}},"fnMap":{"0":{"name":"parsePIC","decl":{"start":{"line":81,"column":9},"end":{"line":81,"column":17}},"loc":{"start":{"line":81,"column":23},"end":{"line":333,"column":1}},"line":81}},"branchMap":{"0":{"loc":{"start":{"line":83,"column":2},"end":{"line":85,"column":3}},"type":"if","locations":[{"start":{"line":83,"column":2},"end":{"line":85,"column":3}},{"start":{},"end":{}}],"line":83},"1":{"loc":{"start":{"line":90,"column":2},"end":{"line":92,"column":3}},"type":"if","locations":[{"start":{"line":90,"column":2},"end":{"line":92,"column":3}},{"start":{},"end":{}}],"line":90},"2":{"loc":{"start":{"line":109,"column":2},"end":{"line":112,"column":3}},"type":"if","locations":[{"start":{"line":109,"column":2},"end":{"line":112,"column":3}},{"start":{},"end":{}}],"line":109},"3":{"loc":{"start":{"line":109,"column":6},"end":{"line":109,"column":38}},"type":"binary-expr","locations":[{"start":{"line":109,"column":6},"end":{"line":109,"column":20}},{"start":{"line":109,"column":24},"end":{"line":109,"column":38}}],"line":109},"4":{"loc":{"start":{"line":117,"column":2},"end":{"line":119,"column":3}},"type":"if","locations":[{"start":{"line":117,"column":2},"end":{"line":119,"column":3}},{"start":{},"end":{}}],"line":117},"5":{"loc":{"start":{"line":124,"column":2},"end":{"line":141,"column":3}},"type":"if","locations":[{"start":{"line":124,"column":2},"end":{"line":141,"column":3}},{"start":{"line":127,"column":9},"end":{"line":141,"column":3}}],"line":124},"6":{"loc":{"start":{"line":127,"column":9},"end":{"line":141,"column":3}},"type":"if","locations":[{"start":{"line":127,"column":9},"end":{"line":141,"column":3}},{"start":{"line":130,"column":9},"end":{"line":141,"column":3}}],"line":127},"7":{"loc":{"start":{"line":130,"column":9},"end":{"line":141,"column":3}},"type":"if","locations":[{"start":{"line":130,"column":9},"end":{"line":141,"column":3}},{"start":{"line":133,"column":9},"end":{"line":141,"column":3}}],"line":130},"8":{"loc":{"start":{"line":133,"column":9},"end":{"line":141,"column":3}},"type":"if","locations":[{"start":{"line":133,"column":9},"end":{"line":141,"column":3}},{"start":{"line":136,"column":9},"end":{"line":141,"column":3}}],"line":133},"9":{"loc":{"start":{"line":149,"column":2},"end":{"line":154,"column":3}},"type":"if","locations":[{"start":{"line":149,"column":2},"end":{"line":154,"column":3}},{"start":{},"end":{}}],"line":149},"10":{"loc":{"start":{"line":156,"column":2},"end":{"line":161,"column":3}},"type":"if","locations":[{"start":{"line":156,"column":2},"end":{"line":161,"column":3}},{"start":{},"end":{}}],"line":156},"11":{"loc":{"start":{"line":165,"column":2},"end":{"line":167,"column":3}},"type":"if","locations":[{"start":{"line":165,"column":2},"end":{"line":167,"column":3}},{"start":{},"end":{}}],"line":165},"12":{"loc":{"start":{"line":171,"column":2},"end":{"line":173,"column":3}},"type":"if","locations":[{"start":{"line":171,"column":2},"end":{"line":173,"column":3}},{"start":{},"end":{}}],"line":171},"13":{"loc":{"start":{"line":178,"column":2},"end":{"line":183,"column":3}},"type":"if","locations":[{"start":{"line":178,"column":2},"end":{"line":183,"column":3}},{"start":{},"end":{}}],"line":178},"14":{"loc":{"start":{"line":185,"column":2},"end":{"line":190,"column":3}},"type":"if","locations":[{"start":{"line":185,"column":2},"end":{"line":190,"column":3}},{"start":{},"end":{}}],"line":185},"15":{"loc":{"start":{"line":192,"column":2},"end":{"line":197,"column":3}},"type":"if","locations":[{"start":{"line":192,"column":2},"end":{"line":197,"column":3}},{"start":{},"end":{}}],"line":192},"16":{"loc":{"start":{"line":211,"column":2},"end":{"line":286,"column":3}},"type":"if","locations":[{"start":{"line":211,"column":2},"end":{"line":286,"column":3}},{"start":{},"end":{}}],"line":211},"17":{"loc":{"start":{"line":211,"column":6},"end":{"line":211,"column":64}},"type":"binary-expr","locations":[{"start":{"line":211,"column":6},"end":{"line":211,"column":22}},{"start":{"line":211,"column":27},"end":{"line":211,"column":43}},{"start":{"line":211,"column":47},"end":{"line":211,"column":63}}],"line":211},"18":{"loc":{"start":{"line":216,"column":4},"end":{"line":221,"column":5}},"type":"if","locations":[{"start":{"line":216,"column":4},"end":{"line":221,"column":5}},{"start":{},"end":{}}],"line":216},"19":{"loc":{"start":{"line":225,"column":4},"end":{"line":230,"column":5}},"type":"if","locations":[{"start":{"line":225,"column":4},"end":{"line":230,"column":5}},{"start":{},"end":{}}],"line":225},"20":{"loc":{"start":{"line":238,"column":4},"end":{"line":285,"column":5}},"type":"if","locations":[{"start":{"line":238,"column":4},"end":{"line":285,"column":5}},{"start":{"line":274,"column":11},"end":{"line":285,"column":5}}],"line":238},"21":{"loc":{"start":{"line":238,"column":8},"end":{"line":238,"column":44}},"type":"binary-expr","locations":[{"start":{"line":238,"column":8},"end":{"line":238,"column":24}},{"start":{"line":238,"column":28},"end":{"line":238,"column":44}}],"line":238},"22":{"loc":{"start":{"line":241,"column":6},"end":{"line":243,"column":7}},"type":"if","locations":[{"start":{"line":241,"column":6},"end":{"line":243,"column":7}},{"start":{},"end":{}}],"line":241},"23":{"loc":{"start":{"line":246,"column":6},"end":{"line":250,"column":7}},"type":"if","locations":[{"start":{"line":246,"column":6},"end":{"line":250,"column":7}},{"start":{},"end":{}}],"line":246},"24":{"loc":{"start":{"line":253,"column":6},"end":{"line":257,"column":7}},"type":"if","locations":[{"start":{"line":253,"column":6},"end":{"line":257,"column":7}},{"start":{},"end":{}}],"line":253},"25":{"loc":{"start":{"line":259,"column":6},"end":{"line":263,"column":7}},"type":"if","locations":[{"start":{"line":259,"column":6},"end":{"line":263,"column":7}},{"start":{},"end":{}}],"line":259},"26":{"loc":{"start":{"line":265,"column":6},"end":{"line":269,"column":7}},"type":"if","locations":[{"start":{"line":265,"column":6},"end":{"line":269,"column":7}},{"start":{},"end":{}}],"line":265},"27":{"loc":{"start":{"line":279,"column":13},"end":{"line":279,"column":85}},"type":"binary-expr","locations":[{"start":{"line":279,"column":13},"end":{"line":279,"column":29}},{"start":{"line":279,"column":34},"end":{"line":279,"column":50}},{"start":{"line":279,"column":54},"end":{"line":279,"column":84}}],"line":279},"28":{"loc":{"start":{"line":290,"column":2},"end":{"line":315,"column":3}},"type":"if","locations":[{"start":{"line":290,"column":2},"end":{"line":315,"column":3}},{"start":{"line":300,"column":9},"end":{"line":315,"column":3}}],"line":290},"29":{"loc":{"start":{"line":305,"column":4},"end":{"line":314,"column":5}},"type":"if","locations":[{"start":{"line":305,"column":4},"end":{"line":314,"column":5}},{"start":{"line":308,"column":11},"end":{"line":314,"column":5}}],"line":305},"30":{"loc":{"start":{"line":307,"column":20},"end":{"line":307,"column":56}},"type":"cond-expr","locations":[{"start":{"line":307,"column":36},"end":{"line":307,"column":44}},{"start":{"line":307,"column":47},"end":{"line":307,"column":56}}],"line":307},"31":{"loc":{"start":{"line":308,"column":11},"end":{"line":314,"column":5}},"type":"if","locations":[{"start":{"line":308,"column":11},"end":{"line":314,"column":5}},{"start":{"line":311,"column":11},"end":{"line":314,"column":5}}],"line":308},"32":{"loc":{"start":{"line":311,"column":11},"end":{"line":314,"column":5}},"type":"if","locations":[{"start":{"line":311,"column":11},"end":{"line":314,"column":5}},{"start":{},"end":{}}],"line":311},"33":{"loc":{"start":{"line":321,"column":2},"end":{"line":329,"column":3}},"type":"if","locations":[{"start":{"line":321,"column":2},"end":{"line":329,"column":3}},{"start":{},"end":{}}],"line":321}},"s":{"0":57,"1":3,"2":54,"3":54,"4":54,"5":1,"6":53,"7":53,"8":53,"9":10,"10":10,"11":53,"12":0,"13":53,"14":53,"15":53,"16":39,"17":14,"18":8,"19":6,"20":4,"21":2,"22":1,"23":1,"24":51,"25":51,"26":3,"27":48,"28":1,"29":47,"30":47,"31":1,"32":46,"33":46,"34":1,"35":45,"36":45,"37":1,"38":44,"39":2,"40":42,"41":1,"42":41,"43":41,"44":41,"45":41,"46":41,"47":18,"48":18,"49":18,"50":2,"51":16,"52":16,"53":1,"54":15,"55":15,"56":9,"57":9,"58":0,"59":9,"60":9,"61":0,"62":9,"63":9,"64":0,"65":9,"66":2,"67":7,"68":1,"69":6,"70":6,"71":6,"72":6,"73":5,"74":5,"75":6,"76":35,"77":12,"78":12,"79":23,"80":23,"81":12,"82":11,"83":7,"84":4,"85":4,"86":35,"87":0,"88":0,"89":35,"90":1},"f":{"0":57},"b":{"0":[3,54],"1":[1,53],"2":[10,43],"3":[53,45],"4":[0,53],"5":[39,14],"6":[8,6],"7":[4,2],"8":[1,1],"9":[3,48],"10":[1,47],"11":[1,46],"12":[1,45],"13":[1,44],"14":[2,42],"15":[1,41],"16":[18,23],"17":[41,18,2],"18":[2,16],"19":[1,15],"20":[9,6],"21":[15,14],"22":[0,9],"23":[0,9],"24":[0,9],"25":[2,7],"26":[1,6],"27":[11,5,0],"28":[12,23],"29":[12,11],"30":[4,8],"31":[7,4],"32":[4,0],"33":[0,35]},"_coverageSchema":"1a1c01bbd47fc00a2c39e90264f33305004495a9","hash":"5911eb718bff0003c2c6f673cb6521ef9ecdb217"}
}
