TN:
SF:backend\utils\picParser.js
FN:81,parsePIC
FNF:1
FNH:1
FNDA:57,parsePIC
DA:83,57
DA:84,3
DA:87,54
DA:88,54
DA:90,54
DA:91,1
DA:95,53
DA:102,53
DA:109,53
DA:110,10
DA:111,10
DA:117,53
DA:118,0
DA:121,53
DA:122,53
DA:124,53
DA:126,39
DA:127,14
DA:129,8
DA:130,6
DA:132,4
DA:133,2
DA:135,1
DA:137,1
DA:143,51
DA:149,51
DA:150,3
DA:156,48
DA:157,1
DA:164,47
DA:165,47
DA:166,1
DA:170,46
DA:171,46
DA:172,1
DA:176,45
DA:178,45
DA:179,1
DA:185,44
DA:186,2
DA:192,42
DA:193,1
DA:199,41
DA:200,41
DA:208,41
DA:209,41
DA:211,41
DA:212,18
DA:213,18
DA:216,18
DA:217,2
DA:224,16
DA:225,16
DA:226,1
DA:232,15
DA:238,15
DA:240,9
DA:241,9
DA:242,0
DA:245,9
DA:246,9
DA:247,0
DA:252,9
DA:253,9
DA:254,0
DA:259,9
DA:260,2
DA:265,7
DA:266,1
DA:271,6
DA:272,6
DA:277,6
DA:279,6
DA:280,5
DA:281,5
DA:284,6
DA:290,35
DA:294,12
DA:298,12
DA:302,23
DA:305,23
DA:307,12
DA:308,11
DA:310,7
DA:311,4
DA:313,4
DA:321,35
DA:322,0
DA:324,0
DA:332,35
DA:343,1
LF:91
LH:85
BRDA:83,0,0,3
BRDA:83,0,1,54
BRDA:90,1,0,1
BRDA:90,1,1,53
BRDA:109,2,0,10
BRDA:109,2,1,43
BRDA:109,3,0,53
BRDA:109,3,1,45
BRDA:117,4,0,0
BRDA:117,4,1,53
BRDA:124,5,0,39
BRDA:124,5,1,14
BRDA:127,6,0,8
BRDA:127,6,1,6
BRDA:130,7,0,4
BRDA:130,7,1,2
BRDA:133,8,0,1
BRDA:133,8,1,1
BRDA:149,9,0,3
BRDA:149,9,1,48
BRDA:156,10,0,1
BRDA:156,10,1,47
BRDA:165,11,0,1
BRDA:165,11,1,46
BRDA:171,12,0,1
BRDA:171,12,1,45
BRDA:178,13,0,1
BRDA:178,13,1,44
BRDA:185,14,0,2
BRDA:185,14,1,42
BRDA:192,15,0,1
BRDA:192,15,1,41
BRDA:211,16,0,18
BRDA:211,16,1,23
BRDA:211,17,0,41
BRDA:211,17,1,18
BRDA:211,17,2,2
BRDA:216,18,0,2
BRDA:216,18,1,16
BRDA:225,19,0,1
BRDA:225,19,1,15
BRDA:238,20,0,9
BRDA:238,20,1,6
BRDA:238,21,0,15
BRDA:238,21,1,14
BRDA:241,22,0,0
BRDA:241,22,1,9
BRDA:246,23,0,0
BRDA:246,23,1,9
BRDA:253,24,0,0
BRDA:253,24,1,9
BRDA:259,25,0,2
BRDA:259,25,1,7
BRDA:265,26,0,1
BRDA:265,26,1,6
BRDA:279,27,0,11
BRDA:279,27,1,5
BRDA:279,27,2,0
BRDA:290,28,0,12
BRDA:290,28,1,23
BRDA:305,29,0,12
BRDA:305,29,1,11
BRDA:307,30,0,4
BRDA:307,30,1,8
BRDA:308,31,0,7
BRDA:308,31,1,4
BRDA:311,32,0,4
BRDA:311,32,1,0
BRDA:321,33,0,0
BRDA:321,33,1,35
BRF:70
BRH:63
end_of_record
